# JRE version: OpenJDK Runtime Environment Temurin-21.0.7+6 (21.0.7+6) (build 21.0.7+6-LTS)
# Java VM: OpenJDK 64-Bit Server VM Temurin-21.0.7+6 (21.0.7+6-LTS, mixed mode, sharing, tiered, compressed oops, compressed class ptrs, parallel gc, windows-amd64)
GC Precious Log:
 CardTable entry size: 512
 CPUs: 12 total, 12 available
 Memory: 32696M
 Large Page Support: Disabled
 NUMA Support: Disabled
 Compressed Oops: Enabled (32-bit)
 Alignments: Space 512K, Generation 512K, Heap 2M
 Heap Min Capacity: 100M
 Heap Initial Capacity: 100M
 Heap Max Capacity: 1G
 Pre-touch: Disabled
 Parallel Workers: 10
Heap:
 PSYoungGen      total 6656K, used 3709K [0x00000000eab00000, 0x00000000eb900000, 0x0000000100000000)
  eden space 5120K, 42% used [0x00000000eab00000,0x00000000ead20db8,0x00000000eb000000)
  from space 1536K, 99% used [0x00000000eb000000,0x00000000eb17e890,0x00000000eb180000)
  to   space 4096K, 0% used [0x00000000eb500000,0x00000000eb500000,0x00000000eb900000)
 ParOldGen       total 367616K, used 367454K [0x00000000c0000000, 0x00000000d6700000, 0x00000000eab00000)
  object space 367616K, 99% used [0x00000000c0000000,0x00000000d66d7a68,0x00000000d6700000)
 Metaspace       used 72141K, committed 73856K, reserved 1179648K
  class space    used 7480K, committed 8256K, reserved 1048576K
GC Heap History (20 events):
Event: 411.446 GC heap before
{Heap before GC invocations=1359 (full 4):
 PSYoungGen      total 2560K, used 1978K [0x00000000eab00000, 0x00000000eae80000, 0x0000000100000000)
  eden space 1024K, 99% used [0x00000000eab00000,0x00000000eabfd920,0x00000000eac00000)
  from space 1536K, 62% used [0x00000000eac00000,0x00000000eacf1200,0x00000000ead80000)
  to   space 1024K, 0% used [0x00000000ead80000,0x00000000ead80000,0x00000000eae80000)
 ParOldGen       total 348672K, used 348564K [0x00000000c0000000, 0x00000000d5480000, 0x00000000eab00000)
  object space 348672K, 99% used [0x00000000c0000000,0x00000000d54650f8,0x00000000d5480000)
 Metaspace       used 72029K, committed 73728K, reserved 1179648K
  class space    used 7480K, committed 8256K, reserved 1048576K
}
Event: 411.448 GC heap after
{Heap after GC invocations=1359 (full 4):
 PSYoungGen      total 2560K, used 708K [0x00000000eab00000, 0x00000000eae80000, 0x0000000100000000)
  eden space 1536K, 0% used [0x00000000eab00000,0x00000000eab00000,0x00000000eac80000)
  from space 1024K, 69% used [0x00000000ead80000,0x00000000eae31200,0x00000000eae80000)
  to   space 1024K, 0% used [0x00000000eac80000,0x00000000eac80000,0x00000000ead80000)
 ParOldGen       total 349696K, used 349352K [0x00000000c0000000, 0x00000000d5580000, 0x00000000eab00000)
  object space 349696K, 99% used [0x00000000c0000000,0x00000000d552a2f8,0x00000000d5580000)
 Metaspace       used 72029K, committed 73728K, reserved 1179648K
  class space    used 7480K, committed 8256K, reserved 1048576K
}
Event: 411.458 GC heap before
{Heap before GC invocations=1360 (full 4):
 PSYoungGen      total 2560K, used 2244K [0x00000000eab00000, 0x00000000eae80000, 0x0000000100000000)
  eden space 1536K, 100% used [0x00000000eab00000,0x00000000eac80000,0x00000000eac80000)
  from space 1024K, 69% used [0x00000000ead80000,0x00000000eae31200,0x00000000eae80000)
  to   space 1024K, 0% used [0x00000000eac80000,0x00000000eac80000,0x00000000ead80000)
 ParOldGen       total 349696K, used 349352K [0x00000000c0000000, 0x00000000d5580000, 0x00000000eab00000)
  object space 349696K, 99% used [0x00000000c0000000,0x00000000d552a2f8,0x00000000d5580000)
 Metaspace       used 72032K, committed 73728K, reserved 1179648K
  class space    used 7480K, committed 8256K, reserved 1048576K
}
Event: 411.460 GC heap after
{Heap after GC invocations=1360 (full 4):
 PSYoungGen      total 2560K, used 1024K [0x00000000eab00000, 0x00000000eb000000, 0x0000000100000000)
  eden space 1536K, 0% used [0x00000000eab00000,0x00000000eab00000,0x00000000eac80000)
  from space 1024K, 100% used [0x00000000eac80000,0x00000000ead80000,0x00000000ead80000)
  to   space 1536K, 0% used [0x00000000eae80000,0x00000000eae80000,0x00000000eb000000)
 ParOldGen       total 350720K, used 350281K [0x00000000c0000000, 0x00000000d5680000, 0x00000000eab00000)
  object space 350720K, 99% used [0x00000000c0000000,0x00000000d56126f8,0x00000000d5680000)
 Metaspace       used 72032K, committed 73728K, reserved 1179648K
  class space    used 7480K, committed 8256K, reserved 1048576K
}
Event: 411.471 GC heap before
{Heap before GC invocations=1361 (full 4):
 PSYoungGen      total 2560K, used 2444K [0x00000000eab00000, 0x00000000eb000000, 0x0000000100000000)
  eden space 1536K, 92% used [0x00000000eab00000,0x00000000eac632c8,0x00000000eac80000)
  from space 1024K, 100% used [0x00000000eac80000,0x00000000ead80000,0x00000000ead80000)
  to   space 1536K, 0% used [0x00000000eae80000,0x00000000eae80000,0x00000000eb000000)
 ParOldGen       total 350720K, used 350281K [0x00000000c0000000, 0x00000000d5680000, 0x00000000eab00000)
  object space 350720K, 99% used [0x00000000c0000000,0x00000000d56126f8,0x00000000d5680000)
 Metaspace       used 72046K, committed 73728K, reserved 1179648K
  class space    used 7480K, committed 8256K, reserved 1048576K
}
Event: 411.473 GC heap after
{Heap after GC invocations=1361 (full 4):
 PSYoungGen      total 2560K, used 704K [0x00000000eab00000, 0x00000000eaf80000, 0x0000000100000000)
  eden space 1536K, 0% used [0x00000000eab00000,0x00000000eab00000,0x00000000eac80000)
  from space 1024K, 68% used [0x00000000eae80000,0x00000000eaf30000,0x00000000eaf80000)
  to   space 1024K, 0% used [0x00000000eac80000,0x00000000eac80000,0x00000000ead80000)
 ParOldGen       total 351232K, used 351177K [0x00000000c0000000, 0x00000000d5700000, 0x00000000eab00000)
  object space 351232K, 99% used [0x00000000c0000000,0x00000000d56f26f8,0x00000000d5700000)
 Metaspace       used 72046K, committed 73728K, reserved 1179648K
  class space    used 7480K, committed 8256K, reserved 1048576K
}
Event: 411.474 GC heap before
{Heap before GC invocations=1362 (full 4):
 PSYoungGen      total 2560K, used 2240K [0x00000000eab00000, 0x00000000eaf80000, 0x0000000100000000)
  eden space 1536K, 100% used [0x00000000eab00000,0x00000000eac80000,0x00000000eac80000)
  from space 1024K, 68% used [0x00000000eae80000,0x00000000eaf30000,0x00000000eaf80000)
  to   space 1024K, 0% used [0x00000000eac80000,0x00000000eac80000,0x00000000ead80000)
 ParOldGen       total 351232K, used 351177K [0x00000000c0000000, 0x00000000d5700000, 0x00000000eab00000)
  object space 351232K, 99% used [0x00000000c0000000,0x00000000d56f26f8,0x00000000d5700000)
 Metaspace       used 72046K, committed 73728K, reserved 1179648K
  class space    used 7480K, committed 8256K, reserved 1048576K
}
Event: 411.476 GC heap after
{Heap after GC invocations=1362 (full 4):
 PSYoungGen      total 2560K, used 1002K [0x00000000eab00000, 0x00000000eb200000, 0x0000000100000000)
  eden space 1536K, 0% used [0x00000000eab00000,0x00000000eab00000,0x00000000eac80000)
  from space 1024K, 97% used [0x00000000eac80000,0x00000000ead7a9b8,0x00000000ead80000)
  to   space 2560K, 0% used [0x00000000eaf80000,0x00000000eaf80000,0x00000000eb200000)
 ParOldGen       total 352768K, used 352324K [0x00000000c0000000, 0x00000000d5880000, 0x00000000eab00000)
  object space 352768K, 99% used [0x00000000c0000000,0x00000000d58110b0,0x00000000d5880000)
 Metaspace       used 72046K, committed 73728K, reserved 1179648K
  class space    used 7480K, committed 8256K, reserved 1048576K
}
Event: 411.480 GC heap before
{Heap before GC invocations=1363 (full 4):
 PSYoungGen      total 2560K, used 2538K [0x00000000eab00000, 0x00000000eb200000, 0x0000000100000000)
  eden space 1536K, 100% used [0x00000000eab00000,0x00000000eac80000,0x00000000eac80000)
  from space 1024K, 97% used [0x00000000eac80000,0x00000000ead7a9b8,0x00000000ead80000)
  to   space 2560K, 0% used [0x00000000eaf80000,0x00000000eaf80000,0x00000000eb200000)
 ParOldGen       total 352768K, used 352324K [0x00000000c0000000, 0x00000000d5880000, 0x00000000eab00000)
  object space 352768K, 99% used [0x00000000c0000000,0x00000000d58110b0,0x00000000d5880000)
 Metaspace       used 72046K, committed 73728K, reserved 1179648K
  class space    used 7480K, committed 8256K, reserved 1048576K
}
Event: 411.482 GC heap after
{Heap after GC invocations=1363 (full 4):
 PSYoungGen      total 3584K, used 1536K [0x00000000eab00000, 0x00000000eb100000, 0x0000000100000000)
  eden space 2048K, 0% used [0x00000000eab00000,0x00000000eab00000,0x00000000ead00000)
  from space 1536K, 100% used [0x00000000eaf80000,0x00000000eb100000,0x00000000eb100000)
  to   space 2048K, 0% used [0x00000000ead00000,0x00000000ead00000,0x00000000eaf00000)
 ParOldGen       total 353792K, used 353214K [0x00000000c0000000, 0x00000000d5980000, 0x00000000eab00000)
  object space 353792K, 99% used [0x00000000c0000000,0x00000000d58efa68,0x00000000d5980000)
 Metaspace       used 72046K, committed 73728K, reserved 1179648K
  class space    used 7480K, committed 8256K, reserved 1048576K
}
Event: 411.487 GC heap before
{Heap before GC invocations=1364 (full 4):
 PSYoungGen      total 3584K, used 3584K [0x00000000eab00000, 0x00000000eb100000, 0x0000000100000000)
  eden space 2048K, 100% used [0x00000000eab00000,0x00000000ead00000,0x00000000ead00000)
  from space 1536K, 100% used [0x00000000eaf80000,0x00000000eb100000,0x00000000eb100000)
  to   space 2048K, 0% used [0x00000000ead00000,0x00000000ead00000,0x00000000eaf00000)
 ParOldGen       total 353792K, used 353214K [0x00000000c0000000, 0x00000000d5980000, 0x00000000eab00000)
  object space 353792K, 99% used [0x00000000c0000000,0x00000000d58efa68,0x00000000d5980000)
 Metaspace       used 72049K, committed 73728K, reserved 1179648K
  class space    used 7480K, committed 8256K, reserved 1048576K
}
Event: 411.489 GC heap after
{Heap after GC invocations=1364 (full 4):
 PSYoungGen      total 4096K, used 1856K [0x00000000eab00000, 0x00000000eb180000, 0x0000000100000000)
  eden space 2048K, 0% used [0x00000000eab00000,0x00000000eab00000,0x00000000ead00000)
  from space 2048K, 90% used [0x00000000ead00000,0x00000000eaed0000,0x00000000eaf00000)
  to   space 2048K, 0% used [0x00000000eaf80000,0x00000000eaf80000,0x00000000eb180000)
 ParOldGen       total 354816K, used 354662K [0x00000000c0000000, 0x00000000d5a80000, 0x00000000eab00000)
  object space 354816K, 99% used [0x00000000c0000000,0x00000000d5a59a68,0x00000000d5a80000)
 Metaspace       used 72049K, committed 73728K, reserved 1179648K
  class space    used 7480K, committed 8256K, reserved 1048576K
}
Event: 411.493 GC heap before
{Heap before GC invocations=1365 (full 4):
 PSYoungGen      total 4096K, used 3904K [0x00000000eab00000, 0x00000000eb180000, 0x0000000100000000)
  eden space 2048K, 100% used [0x00000000eab00000,0x00000000ead00000,0x00000000ead00000)
  from space 2048K, 90% used [0x00000000ead00000,0x00000000eaed0000,0x00000000eaf00000)
  to   space 2048K, 0% used [0x00000000eaf80000,0x00000000eaf80000,0x00000000eb180000)
 ParOldGen       total 354816K, used 354662K [0x00000000c0000000, 0x00000000d5a80000, 0x00000000eab00000)
  object space 354816K, 99% used [0x00000000c0000000,0x00000000d5a59a68,0x00000000d5a80000)
 Metaspace       used 72056K, committed 73792K, reserved 1179648K
  class space    used 7480K, committed 8256K, reserved 1048576K
}
Event: 411.495 GC heap after
{Heap after GC invocations=1365 (full 4):
 PSYoungGen      total 4608K, used 1888K [0x00000000eab00000, 0x00000000eb180000, 0x0000000100000000)
  eden space 2560K, 0% used [0x00000000eab00000,0x00000000eab00000,0x00000000ead80000)
  from space 2048K, 92% used [0x00000000eaf80000,0x00000000eb158000,0x00000000eb180000)
  to   space 2048K, 0% used [0x00000000ead80000,0x00000000ead80000,0x00000000eaf80000)
 ParOldGen       total 356864K, used 356462K [0x00000000c0000000, 0x00000000d5c80000, 0x00000000eab00000)
  object space 356864K, 99% used [0x00000000c0000000,0x00000000d5c1ba68,0x00000000d5c80000)
 Metaspace       used 72056K, committed 73792K, reserved 1179648K
  class space    used 7480K, committed 8256K, reserved 1048576K
}
Event: 411.501 GC heap before
{Heap before GC invocations=1366 (full 4):
 PSYoungGen      total 4608K, used 4448K [0x00000000eab00000, 0x00000000eb180000, 0x0000000100000000)
  eden space 2560K, 100% used [0x00000000eab00000,0x00000000ead80000,0x00000000ead80000)
  from space 2048K, 92% used [0x00000000eaf80000,0x00000000eb158000,0x00000000eb180000)
  to   space 2048K, 0% used [0x00000000ead80000,0x00000000ead80000,0x00000000eaf80000)
 ParOldGen       total 356864K, used 356462K [0x00000000c0000000, 0x00000000d5c80000, 0x00000000eab00000)
  object space 356864K, 99% used [0x00000000c0000000,0x00000000d5c1ba68,0x00000000d5c80000)
 Metaspace       used 72064K, committed 73792K, reserved 1179648K
  class space    used 7480K, committed 8256K, reserved 1048576K
}
Event: 411.504 GC heap after
{Heap after GC invocations=1366 (full 4):
 PSYoungGen      total 4608K, used 2048K [0x00000000eab00000, 0x00000000eb700000, 0x0000000100000000)
  eden space 2560K, 0% used [0x00000000eab00000,0x00000000eab00000,0x00000000ead80000)
  from space 2048K, 100% used [0x00000000ead80000,0x00000000eaf80000,0x00000000eaf80000)
  to   space 4608K, 0% used [0x00000000eb280000,0x00000000eb280000,0x00000000eb700000)
 ParOldGen       total 358912K, used 358558K [0x00000000c0000000, 0x00000000d5e80000, 0x00000000eab00000)
  object space 358912K, 99% used [0x00000000c0000000,0x00000000d5e27a68,0x00000000d5e80000)
 Metaspace       used 72064K, committed 73792K, reserved 1179648K
  class space    used 7480K, committed 8256K, reserved 1048576K
}
Event: 411.509 GC heap before
{Heap before GC invocations=1367 (full 4):
 PSYoungGen      total 4608K, used 4608K [0x00000000eab00000, 0x00000000eb700000, 0x0000000100000000)
  eden space 2560K, 100% used [0x00000000eab00000,0x00000000ead80000,0x00000000ead80000)
  from space 2048K, 100% used [0x00000000ead80000,0x00000000eaf80000,0x00000000eaf80000)
  to   space 4608K, 0% used [0x00000000eb280000,0x00000000eb280000,0x00000000eb700000)
 ParOldGen       total 358912K, used 358558K [0x00000000c0000000, 0x00000000d5e80000, 0x00000000eab00000)
  object space 358912K, 99% used [0x00000000c0000000,0x00000000d5e27a68,0x00000000d5e80000)
 Metaspace       used 72067K, committed 73792K, reserved 1179648K
  class space    used 7480K, committed 8256K, reserved 1048576K
}
Event: 411.512 GC heap after
{Heap after GC invocations=1367 (full 4):
 PSYoungGen      total 5632K, used 2336K [0x00000000eab00000, 0x00000000eb500000, 0x0000000100000000)
  eden space 3072K, 0% used [0x00000000eab00000,0x00000000eab00000,0x00000000eae00000)
  from space 2560K, 91% used [0x00000000eb280000,0x00000000eb4c8000,0x00000000eb500000)
  to   space 3072K, 0% used [0x00000000eaf00000,0x00000000eaf00000,0x00000000eb200000)
 ParOldGen       total 360960K, used 360574K [0x00000000c0000000, 0x00000000d6080000, 0x00000000eab00000)
  object space 360960K, 99% used [0x00000000c0000000,0x00000000d601fa68,0x00000000d6080000)
 Metaspace       used 72067K, committed 73792K, reserved 1179648K
  class space    used 7480K, committed 8256K, reserved 1048576K
}
Event: 411.523 GC heap before
{Heap before GC invocations=1368 (full 4):
 PSYoungGen      total 5632K, used 5408K [0x00000000eab00000, 0x00000000eb500000, 0x0000000100000000)
  eden space 3072K, 100% used [0x00000000eab00000,0x00000000eae00000,0x00000000eae00000)
  from space 2560K, 91% used [0x00000000eb280000,0x00000000eb4c8000,0x00000000eb500000)
  to   space 3072K, 0% used [0x00000000eaf00000,0x00000000eaf00000,0x00000000eb200000)
 ParOldGen       total 360960K, used 360574K [0x00000000c0000000, 0x00000000d6080000, 0x00000000eab00000)
  object space 360960K, 99% used [0x00000000c0000000,0x00000000d601fa68,0x00000000d6080000)
 Metaspace       used 72070K, committed 73792K, reserved 1179648K
  class space    used 7480K, committed 8256K, reserved 1048576K
}
Event: 411.526 GC heap after
{Heap after GC invocations=1368 (full 4):
 PSYoungGen      total 7168K, used 2720K [0x00000000eab00000, 0x00000000eb500000, 0x0000000100000000)
  eden space 4096K, 0% used [0x00000000eab00000,0x00000000eab00000,0x00000000eaf00000)
  from space 3072K, 88% used [0x00000000eaf00000,0x00000000eb1a8000,0x00000000eb200000)
  to   space 3072K, 0% used [0x00000000eb200000,0x00000000eb200000,0x00000000eb500000)
 ParOldGen       total 363008K, used 362790K [0x00000000c0000000, 0x00000000d6280000, 0x00000000eab00000)
  object space 363008K, 99% used [0x00000000c0000000,0x00000000d6249a68,0x00000000d6280000)
 Metaspace       used 72070K, committed 73792K, reserved 1179648K
  class space    used 7480K, committed 8256K, reserved 1048576K
}

